<?xml version="1.0" encoding="UTF-8"?>
<testng-results ignored="0" total="1" passed="1" failed="0" skipped="0">
  <reporter-output>
  </reporter-output>
  <suite started-at="2023-12-23T14:43:19 IST" name="Default suite" finished-at="2023-12-23T14:43:26 IST" duration-ms="7541">
    <groups>
    </groups>
    <test started-at="2023-12-23T14:43:19 IST" name="Default test" finished-at="2023-12-23T14:43:26 IST" duration-ms="7541">
      <class name="ExentReport.Program">
        <test-method signature="report()[pri:0, instance:ExentReport.Program@10163d6]" started-at="2023-12-23T14:43:19 IST" name="report" finished-at="2023-12-23T14:43:26 IST" duration-ms="7509" status="PASS">
          <reporter-output>
          </reporter-output>
        </test-method> <!-- report -->
      </class> <!-- ExentReport.Program -->
    </test> <!-- Default test -->
  </suite> <!-- Default suite -->
</testng-results>
